2019-07-10T08:42:35+00:00 CRITICAL Uncaught RuntimeException: Error saving action: Unable to save action. in /var/www/vhosts/sweet-dessert.axiomthemes.com/httpdocs/wp-content/plugins/woocommerce/includes/libraries/action-scheduler/classes/ActionScheduler_wpPostStore.php:33
Stack trace:
#0 /var/www/vhosts/sweet-dessert.axiomthemes.com/httpdocs/wp-content/plugins/woocommerce/includes/libraries/action-scheduler/classes/ActionScheduler_ActionFactory.php(109): ActionScheduler_wpPostStore->save_action(Object(ActionScheduler_Action))
#1 /var/www/vhosts/sweet-dessert.axiomthemes.com/httpdocs/wp-content/plugins/woocommerce/includes/libraries/action-scheduler/classes/ActionScheduler_ActionFactory.php(59): ActionScheduler_ActionFactory->store(Object(ActionScheduler_Action))
#2 /var/www/vhosts/sweet-dessert.axiomthemes.com/httpdocs/wp-content/plugins/woocommerce/includes/libraries/action-scheduler/functions.php(18): ActionScheduler_ActionFactory->single('woocommerce_upd...', Array, 1562748155, '')
#3 /var/www/vhosts/sweet-dessert.axiomthemes.com/httpdocs/ in /var/www/vhosts/sweet-dessert.axiomthemes.com/httpdocs/wp-content/plugins/woocommerce/includes/libraries/action-scheduler/classes/ActionScheduler_wpPostStore.php on line 33

2019-07-10T08:42:43+00:00 CRITICAL Uncaught RuntimeException: Error saving action: Unable to save action. in /var/www/vhosts/sweet-dessert.axiomthemes.com/httpdocs/wp-content/plugins/woocommerce/includes/libraries/action-scheduler/classes/ActionScheduler_wpPostStore.php:33
Stack trace:
#0 /var/www/vhosts/sweet-dessert.axiomthemes.com/httpdocs/wp-content/plugins/woocommerce/includes/libraries/action-scheduler/classes/ActionScheduler_ActionFactory.php(109): ActionScheduler_wpPostStore->save_action(Object(ActionScheduler_Action))
#1 /var/www/vhosts/sweet-dessert.axiomthemes.com/httpdocs/wp-content/plugins/woocommerce/includes/libraries/action-scheduler/classes/ActionScheduler_ActionFactory.php(59): ActionScheduler_ActionFactory->store(Object(ActionScheduler_Action))
#2 /var/www/vhosts/sweet-dessert.axiomthemes.com/httpdocs/wp-content/plugins/woocommerce/includes/libraries/action-scheduler/functions.php(18): ActionScheduler_ActionFactory->single('woocommerce_run...', Array, 1562748163, 'woocommerce-db-...')
#3 /var/www/vhosts/sweet-dessert.axiomth in /var/www/vhosts/sweet-dessert.axiomthemes.com/httpdocs/wp-content/plugins/woocommerce/includes/libraries/action-scheduler/classes/ActionScheduler_wpPostStore.php on line 33

2019-07-10T08:43:03+00:00 CRITICAL Uncaught RuntimeException: Error saving action: Unable to save action. in /var/www/vhosts/sweet-dessert.axiomthemes.com/httpdocs/wp-content/plugins/woocommerce/includes/libraries/action-scheduler/classes/ActionScheduler_wpPostStore.php:33
Stack trace:
#0 /var/www/vhosts/sweet-dessert.axiomthemes.com/httpdocs/wp-content/plugins/woocommerce/includes/libraries/action-scheduler/classes/ActionScheduler_ActionFactory.php(109): ActionScheduler_wpPostStore->save_action(Object(ActionScheduler_Action))
#1 /var/www/vhosts/sweet-dessert.axiomthemes.com/httpdocs/wp-content/plugins/woocommerce/includes/libraries/action-scheduler/classes/ActionScheduler_ActionFactory.php(59): ActionScheduler_ActionFactory->store(Object(ActionScheduler_Action))
#2 /var/www/vhosts/sweet-dessert.axiomthemes.com/httpdocs/wp-content/plugins/woocommerce/includes/libraries/action-scheduler/functions.php(18): ActionScheduler_ActionFactory->single('woocommerce_run...', Array, 1562748183, 'woocommerce-db-...')
#3 /var/www/vhosts/sweet-dessert.axiomth in /var/www/vhosts/sweet-dessert.axiomthemes.com/httpdocs/wp-content/plugins/woocommerce/includes/libraries/action-scheduler/classes/ActionScheduler_wpPostStore.php on line 33

2019-07-10T08:43:41+00:00 CRITICAL Uncaught RuntimeException: Error saving action: Unable to save action. in /var/www/vhosts/sweet-dessert.axiomthemes.com/httpdocs/wp-content/plugins/woocommerce/includes/libraries/action-scheduler/classes/ActionScheduler_wpPostStore.php:33
Stack trace:
#0 /var/www/vhosts/sweet-dessert.axiomthemes.com/httpdocs/wp-content/plugins/woocommerce/includes/libraries/action-scheduler/classes/ActionScheduler_ActionFactory.php(109): ActionScheduler_wpPostStore->save_action(Object(ActionScheduler_Action))
#1 /var/www/vhosts/sweet-dessert.axiomthemes.com/httpdocs/wp-content/plugins/woocommerce/includes/libraries/action-scheduler/classes/ActionScheduler_ActionFactory.php(59): ActionScheduler_ActionFactory->store(Object(ActionScheduler_Action))
#2 /var/www/vhosts/sweet-dessert.axiomthemes.com/httpdocs/wp-content/plugins/woocommerce/includes/libraries/action-scheduler/functions.php(18): ActionScheduler_ActionFactory->single('woocommerce_upd...', Array, 1562748221, '')
#3 /var/www/vhosts/sweet-dessert.axiomthemes.com/httpdocs/ in /var/www/vhosts/sweet-dessert.axiomthemes.com/httpdocs/wp-content/plugins/woocommerce/includes/libraries/action-scheduler/classes/ActionScheduler_wpPostStore.php on line 33

2019-07-10T08:44:08+00:00 CRITICAL Uncaught RuntimeException: Error saving action: Unable to save action. in /var/www/vhosts/sweet-dessert.axiomthemes.com/httpdocs/wp-content/plugins/woocommerce/includes/libraries/action-scheduler/classes/ActionScheduler_wpPostStore.php:33
Stack trace:
#0 /var/www/vhosts/sweet-dessert.axiomthemes.com/httpdocs/wp-content/plugins/woocommerce/includes/libraries/action-scheduler/classes/ActionScheduler_ActionFactory.php(109): ActionScheduler_wpPostStore->save_action(Object(ActionScheduler_Action))
#1 /var/www/vhosts/sweet-dessert.axiomthemes.com/httpdocs/wp-content/plugins/woocommerce/includes/libraries/action-scheduler/classes/ActionScheduler_ActionFactory.php(59): ActionScheduler_ActionFactory->store(Object(ActionScheduler_Action))
#2 /var/www/vhosts/sweet-dessert.axiomthemes.com/httpdocs/wp-content/plugins/woocommerce/includes/libraries/action-scheduler/functions.php(18): ActionScheduler_ActionFactory->single('woocommerce_upd...', Array, 1562748248, '')
#3 /var/www/vhosts/sweet-dessert.axiomthemes.com/httpdocs/ in /var/www/vhosts/sweet-dessert.axiomthemes.com/httpdocs/wp-content/plugins/woocommerce/includes/libraries/action-scheduler/classes/ActionScheduler_wpPostStore.php on line 33

2019-07-10T08:44:58+00:00 CRITICAL Uncaught RuntimeException: Error saving action: Unable to save action. in /var/www/vhosts/sweet-dessert.axiomthemes.com/httpdocs/wp-content/plugins/woocommerce/includes/libraries/action-scheduler/classes/ActionScheduler_wpPostStore.php:33
Stack trace:
#0 /var/www/vhosts/sweet-dessert.axiomthemes.com/httpdocs/wp-content/plugins/woocommerce/includes/libraries/action-scheduler/classes/ActionScheduler_ActionFactory.php(109): ActionScheduler_wpPostStore->save_action(Object(ActionScheduler_Action))
#1 /var/www/vhosts/sweet-dessert.axiomthemes.com/httpdocs/wp-content/plugins/woocommerce/includes/libraries/action-scheduler/classes/ActionScheduler_ActionFactory.php(59): ActionScheduler_ActionFactory->store(Object(ActionScheduler_Action))
#2 /var/www/vhosts/sweet-dessert.axiomthemes.com/httpdocs/wp-content/plugins/woocommerce/includes/libraries/action-scheduler/functions.php(18): ActionScheduler_ActionFactory->single('woocommerce_upd...', Array, 1562748298, '')
#3 /var/www/vhosts/sweet-dessert.axiomthemes.com/httpdocs/ in /var/www/vhosts/sweet-dessert.axiomthemes.com/httpdocs/wp-content/plugins/woocommerce/includes/libraries/action-scheduler/classes/ActionScheduler_wpPostStore.php on line 33

2019-07-10T08:45:54+00:00 CRITICAL Uncaught RuntimeException: Error saving action: Unable to save action. in /var/www/vhosts/sweet-dessert.axiomthemes.com/httpdocs/wp-content/plugins/woocommerce/includes/libraries/action-scheduler/classes/ActionScheduler_wpPostStore.php:33
Stack trace:
#0 /var/www/vhosts/sweet-dessert.axiomthemes.com/httpdocs/wp-content/plugins/woocommerce/includes/libraries/action-scheduler/classes/ActionScheduler_ActionFactory.php(109): ActionScheduler_wpPostStore->save_action(Object(ActionScheduler_Action))
#1 /var/www/vhosts/sweet-dessert.axiomthemes.com/httpdocs/wp-content/plugins/woocommerce/includes/libraries/action-scheduler/classes/ActionScheduler_ActionFactory.php(59): ActionScheduler_ActionFactory->store(Object(ActionScheduler_Action))
#2 /var/www/vhosts/sweet-dessert.axiomthemes.com/httpdocs/wp-content/plugins/woocommerce/includes/libraries/action-scheduler/functions.php(18): ActionScheduler_ActionFactory->single('woocommerce_upd...', Array, 1562748354, '')
#3 /var/www/vhosts/sweet-dessert.axiomthemes.com/httpdocs/ in /var/www/vhosts/sweet-dessert.axiomthemes.com/httpdocs/wp-content/plugins/woocommerce/includes/libraries/action-scheduler/classes/ActionScheduler_wpPostStore.php on line 33

2019-07-10T08:46:06+00:00 CRITICAL Uncaught RuntimeException: Error saving action: Unable to save action. in /var/www/vhosts/sweet-dessert.axiomthemes.com/httpdocs/wp-content/plugins/woocommerce/includes/libraries/action-scheduler/classes/ActionScheduler_wpPostStore.php:33
Stack trace:
#0 /var/www/vhosts/sweet-dessert.axiomthemes.com/httpdocs/wp-content/plugins/woocommerce/includes/libraries/action-scheduler/classes/ActionScheduler_ActionFactory.php(109): ActionScheduler_wpPostStore->save_action(Object(ActionScheduler_Action))
#1 /var/www/vhosts/sweet-dessert.axiomthemes.com/httpdocs/wp-content/plugins/woocommerce/includes/libraries/action-scheduler/classes/ActionScheduler_ActionFactory.php(59): ActionScheduler_ActionFactory->store(Object(ActionScheduler_Action))
#2 /var/www/vhosts/sweet-dessert.axiomthemes.com/httpdocs/wp-content/plugins/woocommerce/includes/libraries/action-scheduler/functions.php(18): ActionScheduler_ActionFactory->single('woocommerce_upd...', Array, 1562748366, '')
#3 /var/www/vhosts/sweet-dessert.axiomthemes.com/httpdocs/ in /var/www/vhosts/sweet-dessert.axiomthemes.com/httpdocs/wp-content/plugins/woocommerce/includes/libraries/action-scheduler/classes/ActionScheduler_wpPostStore.php on line 33

2019-07-10T08:48:05+00:00 CRITICAL Uncaught RuntimeException: Error saving action: Unable to save action. in /var/www/vhosts/sweet-dessert.axiomthemes.com/httpdocs/wp-content/plugins/woocommerce/includes/libraries/action-scheduler/classes/ActionScheduler_wpPostStore.php:33
Stack trace:
#0 /var/www/vhosts/sweet-dessert.axiomthemes.com/httpdocs/wp-content/plugins/woocommerce/includes/libraries/action-scheduler/classes/ActionScheduler_ActionFactory.php(109): ActionScheduler_wpPostStore->save_action(Object(ActionScheduler_Action))
#1 /var/www/vhosts/sweet-dessert.axiomthemes.com/httpdocs/wp-content/plugins/woocommerce/includes/libraries/action-scheduler/classes/ActionScheduler_ActionFactory.php(59): ActionScheduler_ActionFactory->store(Object(ActionScheduler_Action))
#2 /var/www/vhosts/sweet-dessert.axiomthemes.com/httpdocs/wp-content/plugins/woocommerce/includes/libraries/action-scheduler/functions.php(18): ActionScheduler_ActionFactory->single('woocommerce_run...', Array, 1562748485, 'woocommerce-db-...')
#3 /var/www/vhosts/sweet-dessert.axiomth in /var/www/vhosts/sweet-dessert.axiomthemes.com/httpdocs/wp-content/plugins/woocommerce/includes/libraries/action-scheduler/classes/ActionScheduler_wpPostStore.php on line 33

2019-07-10T08:48:12+00:00 CRITICAL Uncaught RuntimeException: Error saving action: Unable to save action. in /var/www/vhosts/sweet-dessert.axiomthemes.com/httpdocs/wp-content/plugins/woocommerce/includes/libraries/action-scheduler/classes/ActionScheduler_wpPostStore.php:33
Stack trace:
#0 /var/www/vhosts/sweet-dessert.axiomthemes.com/httpdocs/wp-content/plugins/woocommerce/includes/libraries/action-scheduler/classes/ActionScheduler_ActionFactory.php(109): ActionScheduler_wpPostStore->save_action(Object(ActionScheduler_Action))
#1 /var/www/vhosts/sweet-dessert.axiomthemes.com/httpdocs/wp-content/plugins/woocommerce/includes/libraries/action-scheduler/classes/ActionScheduler_ActionFactory.php(59): ActionScheduler_ActionFactory->store(Object(ActionScheduler_Action))
#2 /var/www/vhosts/sweet-dessert.axiomthemes.com/httpdocs/wp-content/plugins/woocommerce/includes/libraries/action-scheduler/functions.php(18): ActionScheduler_ActionFactory->single('woocommerce_upd...', Array, 1562748492, '')
#3 /var/www/vhosts/sweet-dessert.axiomthemes.com/httpdocs/ in /var/www/vhosts/sweet-dessert.axiomthemes.com/httpdocs/wp-content/plugins/woocommerce/includes/libraries/action-scheduler/classes/ActionScheduler_wpPostStore.php on line 33

2019-07-10T08:48:24+00:00 CRITICAL Uncaught RuntimeException: Error saving action: Unable to save action. in /var/www/vhosts/sweet-dessert.axiomthemes.com/httpdocs/wp-content/plugins/woocommerce/includes/libraries/action-scheduler/classes/ActionScheduler_wpPostStore.php:33
Stack trace:
#0 /var/www/vhosts/sweet-dessert.axiomthemes.com/httpdocs/wp-content/plugins/woocommerce/includes/libraries/action-scheduler/classes/ActionScheduler_ActionFactory.php(109): ActionScheduler_wpPostStore->save_action(Object(ActionScheduler_Action))
#1 /var/www/vhosts/sweet-dessert.axiomthemes.com/httpdocs/wp-content/plugins/woocommerce/includes/libraries/action-scheduler/classes/ActionScheduler_ActionFactory.php(59): ActionScheduler_ActionFactory->store(Object(ActionScheduler_Action))
#2 /var/www/vhosts/sweet-dessert.axiomthemes.com/httpdocs/wp-content/plugins/woocommerce/includes/libraries/action-scheduler/functions.php(18): ActionScheduler_ActionFactory->single('woocommerce_upd...', Array, 1562748504, '')
#3 /var/www/vhosts/sweet-dessert.axiomthemes.com/httpdocs/ in /var/www/vhosts/sweet-dessert.axiomthemes.com/httpdocs/wp-content/plugins/woocommerce/includes/libraries/action-scheduler/classes/ActionScheduler_wpPostStore.php on line 33

2019-07-10T08:48:33+00:00 CRITICAL Uncaught RuntimeException: Error saving action: Unable to save action. in /var/www/vhosts/sweet-dessert.axiomthemes.com/httpdocs/wp-content/plugins/woocommerce/includes/libraries/action-scheduler/classes/ActionScheduler_wpPostStore.php:33
Stack trace:
#0 /var/www/vhosts/sweet-dessert.axiomthemes.com/httpdocs/wp-content/plugins/woocommerce/includes/libraries/action-scheduler/classes/ActionScheduler_ActionFactory.php(109): ActionScheduler_wpPostStore->save_action(Object(ActionScheduler_Action))
#1 /var/www/vhosts/sweet-dessert.axiomthemes.com/httpdocs/wp-content/plugins/woocommerce/includes/libraries/action-scheduler/classes/ActionScheduler_ActionFactory.php(59): ActionScheduler_ActionFactory->store(Object(ActionScheduler_Action))
#2 /var/www/vhosts/sweet-dessert.axiomthemes.com/httpdocs/wp-content/plugins/woocommerce/includes/libraries/action-scheduler/functions.php(18): ActionScheduler_ActionFactory->single('woocommerce_upd...', Array, 1562748513, '')
#3 /var/www/vhosts/sweet-dessert.axiomthemes.com/httpdocs/ in /var/www/vhosts/sweet-dessert.axiomthemes.com/httpdocs/wp-content/plugins/woocommerce/includes/libraries/action-scheduler/classes/ActionScheduler_wpPostStore.php on line 33

2019-07-10T08:48:44+00:00 CRITICAL Uncaught RuntimeException: Error saving action: Unable to save action. in /var/www/vhosts/sweet-dessert.axiomthemes.com/httpdocs/wp-content/plugins/woocommerce/includes/libraries/action-scheduler/classes/ActionScheduler_wpPostStore.php:33
Stack trace:
#0 /var/www/vhosts/sweet-dessert.axiomthemes.com/httpdocs/wp-content/plugins/woocommerce/includes/libraries/action-scheduler/classes/ActionScheduler_ActionFactory.php(109): ActionScheduler_wpPostStore->save_action(Object(ActionScheduler_Action))
#1 /var/www/vhosts/sweet-dessert.axiomthemes.com/httpdocs/wp-content/plugins/woocommerce/includes/libraries/action-scheduler/classes/ActionScheduler_ActionFactory.php(59): ActionScheduler_ActionFactory->store(Object(ActionScheduler_Action))
#2 /var/www/vhosts/sweet-dessert.axiomthemes.com/httpdocs/wp-content/plugins/woocommerce/includes/libraries/action-scheduler/functions.php(18): ActionScheduler_ActionFactory->single('woocommerce_upd...', Array, 1562748524, '')
#3 /var/www/vhosts/sweet-dessert.axiomthemes.com/httpdocs/ in /var/www/vhosts/sweet-dessert.axiomthemes.com/httpdocs/wp-content/plugins/woocommerce/includes/libraries/action-scheduler/classes/ActionScheduler_wpPostStore.php on line 33

2019-07-10T08:56:28+00:00 CRITICAL Uncaught RuntimeException: Error saving action: Unable to save action. in /var/www/vhosts/sweet-dessert.axiomthemes.com/httpdocs/wp-content/plugins/woocommerce/includes/libraries/action-scheduler/classes/ActionScheduler_wpPostStore.php:33
Stack trace:
#0 /var/www/vhosts/sweet-dessert.axiomthemes.com/httpdocs/wp-content/plugins/woocommerce/includes/libraries/action-scheduler/classes/ActionScheduler_ActionFactory.php(109): ActionScheduler_wpPostStore->save_action(Object(ActionScheduler_Action))
#1 /var/www/vhosts/sweet-dessert.axiomthemes.com/httpdocs/wp-content/plugins/woocommerce/includes/libraries/action-scheduler/classes/ActionScheduler_ActionFactory.php(59): ActionScheduler_ActionFactory->store(Object(ActionScheduler_Action))
#2 /var/www/vhosts/sweet-dessert.axiomthemes.com/httpdocs/wp-content/plugins/woocommerce/includes/libraries/action-scheduler/functions.php(18): ActionScheduler_ActionFactory->single('woocommerce_upd...', Array, 1562748988, '')
#3 /var/www/vhosts/sweet-dessert.axiomthemes.com/httpdocs/ in /var/www/vhosts/sweet-dessert.axiomthemes.com/httpdocs/wp-content/plugins/woocommerce/includes/libraries/action-scheduler/classes/ActionScheduler_wpPostStore.php on line 33

2019-07-10T08:58:45+00:00 CRITICAL Uncaught RuntimeException: Error saving action: Unable to save action. in /var/www/vhosts/sweet-dessert.axiomthemes.com/httpdocs/wp-content/plugins/woocommerce/includes/libraries/action-scheduler/classes/ActionScheduler_wpPostStore.php:33
Stack trace:
#0 /var/www/vhosts/sweet-dessert.axiomthemes.com/httpdocs/wp-content/plugins/woocommerce/includes/libraries/action-scheduler/classes/ActionScheduler_ActionFactory.php(109): ActionScheduler_wpPostStore->save_action(Object(ActionScheduler_Action))
#1 /var/www/vhosts/sweet-dessert.axiomthemes.com/httpdocs/wp-content/plugins/woocommerce/includes/libraries/action-scheduler/classes/ActionScheduler_ActionFactory.php(59): ActionScheduler_ActionFactory->store(Object(ActionScheduler_Action))
#2 /var/www/vhosts/sweet-dessert.axiomthemes.com/httpdocs/wp-content/plugins/woocommerce/includes/libraries/action-scheduler/functions.php(18): ActionScheduler_ActionFactory->single('woocommerce_upd...', Array, 1562749125, '')
#3 /var/www/vhosts/sweet-dessert.axiomthemes.com/httpdocs/ in /var/www/vhosts/sweet-dessert.axiomthemes.com/httpdocs/wp-content/plugins/woocommerce/includes/libraries/action-scheduler/classes/ActionScheduler_wpPostStore.php on line 33

2019-07-10T08:58:50+00:00 CRITICAL Uncaught RuntimeException: Error saving action: Unable to save action. in /var/www/vhosts/sweet-dessert.axiomthemes.com/httpdocs/wp-content/plugins/woocommerce/includes/libraries/action-scheduler/classes/ActionScheduler_wpPostStore.php:33
Stack trace:
#0 /var/www/vhosts/sweet-dessert.axiomthemes.com/httpdocs/wp-content/plugins/woocommerce/includes/libraries/action-scheduler/classes/ActionScheduler_ActionFactory.php(109): ActionScheduler_wpPostStore->save_action(Object(ActionScheduler_Action))
#1 /var/www/vhosts/sweet-dessert.axiomthemes.com/httpdocs/wp-content/plugins/woocommerce/includes/libraries/action-scheduler/classes/ActionScheduler_ActionFactory.php(59): ActionScheduler_ActionFactory->store(Object(ActionScheduler_Action))
#2 /var/www/vhosts/sweet-dessert.axiomthemes.com/httpdocs/wp-content/plugins/woocommerce/includes/libraries/action-scheduler/functions.php(18): ActionScheduler_ActionFactory->single('woocommerce_run...', Array, 1562749130, 'woocommerce-db-...')
#3 /var/www/vhosts/sweet-dessert.axiomth in /var/www/vhosts/sweet-dessert.axiomthemes.com/httpdocs/wp-content/plugins/woocommerce/includes/libraries/action-scheduler/classes/ActionScheduler_wpPostStore.php on line 33

2019-07-10T08:59:23+00:00 CRITICAL Uncaught RuntimeException: Error saving action: Unable to save action. in /var/www/vhosts/sweet-dessert.axiomthemes.com/httpdocs/wp-content/plugins/woocommerce/includes/libraries/action-scheduler/classes/ActionScheduler_wpPostStore.php:33
Stack trace:
#0 /var/www/vhosts/sweet-dessert.axiomthemes.com/httpdocs/wp-content/plugins/woocommerce/includes/libraries/action-scheduler/classes/ActionScheduler_ActionFactory.php(109): ActionScheduler_wpPostStore->save_action(Object(ActionScheduler_Action))
#1 /var/www/vhosts/sweet-dessert.axiomthemes.com/httpdocs/wp-content/plugins/woocommerce/includes/libraries/action-scheduler/classes/ActionScheduler_ActionFactory.php(78): ActionScheduler_ActionFactory->store(Object(ActionScheduler_Action))
#2 /var/www/vhosts/sweet-dessert.axiomthemes.com/httpdocs/wp-content/plugins/woocommerce/includes/libraries/action-scheduler/functions.php(33): ActionScheduler_ActionFactory->recurring('wc_admin_unsnoo...', Array, 1562749163, 3600, 'wc-admin-notes')
#3 /var/www/vhosts/sweet-dessert.ax in /var/www/vhosts/sweet-dessert.axiomthemes.com/httpdocs/wp-content/plugins/woocommerce/includes/libraries/action-scheduler/classes/ActionScheduler_wpPostStore.php on line 33

2019-07-10T08:59:32+00:00 CRITICAL Uncaught RuntimeException: Error saving action: Unable to save action. in /var/www/vhosts/sweet-dessert.axiomthemes.com/httpdocs/wp-content/plugins/woocommerce/includes/libraries/action-scheduler/classes/ActionScheduler_wpPostStore.php:33
Stack trace:
#0 /var/www/vhosts/sweet-dessert.axiomthemes.com/httpdocs/wp-content/plugins/woocommerce/includes/libraries/action-scheduler/classes/ActionScheduler_ActionFactory.php(109): ActionScheduler_wpPostStore->save_action(Object(ActionScheduler_Action))
#1 /var/www/vhosts/sweet-dessert.axiomthemes.com/httpdocs/wp-content/plugins/woocommerce/includes/libraries/action-scheduler/classes/ActionScheduler_ActionFactory.php(78): ActionScheduler_ActionFactory->store(Object(ActionScheduler_Action))
#2 /var/www/vhosts/sweet-dessert.axiomthemes.com/httpdocs/wp-content/plugins/woocommerce/includes/libraries/action-scheduler/functions.php(33): ActionScheduler_ActionFactory->recurring('wc_admin_unsnoo...', Array, 1562749172, 3600, 'wc-admin-notes')
#3 /var/www/vhosts/sweet-dessert.ax in /var/www/vhosts/sweet-dessert.axiomthemes.com/httpdocs/wp-content/plugins/woocommerce/includes/libraries/action-scheduler/classes/ActionScheduler_wpPostStore.php on line 33

2019-07-10T08:59:36+00:00 CRITICAL Uncaught RuntimeException: Error saving action: Unable to save action. in /var/www/vhosts/sweet-dessert.axiomthemes.com/httpdocs/wp-content/plugins/woocommerce/includes/libraries/action-scheduler/classes/ActionScheduler_wpPostStore.php:33
Stack trace:
#0 /var/www/vhosts/sweet-dessert.axiomthemes.com/httpdocs/wp-content/plugins/woocommerce/includes/libraries/action-scheduler/classes/ActionScheduler_ActionFactory.php(109): ActionScheduler_wpPostStore->save_action(Object(ActionScheduler_Action))
#1 /var/www/vhosts/sweet-dessert.axiomthemes.com/httpdocs/wp-content/plugins/woocommerce/includes/libraries/action-scheduler/classes/ActionScheduler_ActionFactory.php(78): ActionScheduler_ActionFactory->store(Object(ActionScheduler_Action))
#2 /var/www/vhosts/sweet-dessert.axiomthemes.com/httpdocs/wp-content/plugins/woocommerce/includes/libraries/action-scheduler/functions.php(33): ActionScheduler_ActionFactory->recurring('wc_admin_unsnoo...', Array, 1562749176, 3600, 'wc-admin-notes')
#3 /var/www/vhosts/sweet-dessert.ax in /var/www/vhosts/sweet-dessert.axiomthemes.com/httpdocs/wp-content/plugins/woocommerce/includes/libraries/action-scheduler/classes/ActionScheduler_wpPostStore.php on line 33

2019-07-10T08:59:42+00:00 CRITICAL Uncaught RuntimeException: Error saving action: Unable to save action. in /var/www/vhosts/sweet-dessert.axiomthemes.com/httpdocs/wp-content/plugins/woocommerce/includes/libraries/action-scheduler/classes/ActionScheduler_wpPostStore.php:33
Stack trace:
#0 /var/www/vhosts/sweet-dessert.axiomthemes.com/httpdocs/wp-content/plugins/woocommerce/includes/libraries/action-scheduler/classes/ActionScheduler_ActionFactory.php(109): ActionScheduler_wpPostStore->save_action(Object(ActionScheduler_Action))
#1 /var/www/vhosts/sweet-dessert.axiomthemes.com/httpdocs/wp-content/plugins/woocommerce/includes/libraries/action-scheduler/classes/ActionScheduler_ActionFactory.php(78): ActionScheduler_ActionFactory->store(Object(ActionScheduler_Action))
#2 /var/www/vhosts/sweet-dessert.axiomthemes.com/httpdocs/wp-content/plugins/woocommerce/includes/libraries/action-scheduler/functions.php(33): ActionScheduler_ActionFactory->recurring('wc_admin_unsnoo...', Array, 1562749182, 3600, 'wc-admin-notes')
#3 /var/www/vhosts/sweet-dessert.ax in /var/www/vhosts/sweet-dessert.axiomthemes.com/httpdocs/wp-content/plugins/woocommerce/includes/libraries/action-scheduler/classes/ActionScheduler_wpPostStore.php on line 33

2019-07-10T09:01:12+00:00 CRITICAL Uncaught RuntimeException: Error saving action: Unable to save action. in /var/www/vhosts/sweet-dessert.axiomthemes.com/httpdocs/wp-content/plugins/woocommerce/includes/libraries/action-scheduler/classes/ActionScheduler_wpPostStore.php:33
Stack trace:
#0 /var/www/vhosts/sweet-dessert.axiomthemes.com/httpdocs/wp-content/plugins/woocommerce/includes/libraries/action-scheduler/classes/ActionScheduler_ActionFactory.php(109): ActionScheduler_wpPostStore->save_action(Object(ActionScheduler_Action))
#1 /var/www/vhosts/sweet-dessert.axiomthemes.com/httpdocs/wp-content/plugins/woocommerce/includes/libraries/action-scheduler/classes/ActionScheduler_ActionFactory.php(78): ActionScheduler_ActionFactory->store(Object(ActionScheduler_Action))
#2 /var/www/vhosts/sweet-dessert.axiomthemes.com/httpdocs/wp-content/plugins/woocommerce/includes/libraries/action-scheduler/functions.php(33): ActionScheduler_ActionFactory->recurring('wc_admin_unsnoo...', Array, 1562749272, 3600, 'wc-admin-notes')
#3 /var/www/vhosts/sweet-dessert.ax in /var/www/vhosts/sweet-dessert.axiomthemes.com/httpdocs/wp-content/plugins/woocommerce/includes/libraries/action-scheduler/classes/ActionScheduler_wpPostStore.php on line 33

2019-07-10T09:01:14+00:00 CRITICAL Uncaught RuntimeException: Error saving action: Unable to save action. in /var/www/vhosts/sweet-dessert.axiomthemes.com/httpdocs/wp-content/plugins/woocommerce/includes/libraries/action-scheduler/classes/ActionScheduler_wpPostStore.php:33
Stack trace:
#0 /var/www/vhosts/sweet-dessert.axiomthemes.com/httpdocs/wp-content/plugins/woocommerce/includes/libraries/action-scheduler/classes/ActionScheduler_ActionFactory.php(109): ActionScheduler_wpPostStore->save_action(Object(ActionScheduler_Action))
#1 /var/www/vhosts/sweet-dessert.axiomthemes.com/httpdocs/wp-content/plugins/woocommerce/includes/libraries/action-scheduler/classes/ActionScheduler_ActionFactory.php(78): ActionScheduler_ActionFactory->store(Object(ActionScheduler_Action))
#2 /var/www/vhosts/sweet-dessert.axiomthemes.com/httpdocs/wp-content/plugins/woocommerce/includes/libraries/action-scheduler/functions.php(33): ActionScheduler_ActionFactory->recurring('wc_admin_unsnoo...', Array, 1562749274, 3600, 'wc-admin-notes')
#3 /var/www/vhosts/sweet-dessert.ax in /var/www/vhosts/sweet-dessert.axiomthemes.com/httpdocs/wp-content/plugins/woocommerce/includes/libraries/action-scheduler/classes/ActionScheduler_wpPostStore.php on line 33

2019-07-10T09:01:18+00:00 CRITICAL Uncaught RuntimeException: Error saving action: Unable to save action. in /var/www/vhosts/sweet-dessert.axiomthemes.com/httpdocs/wp-content/plugins/woocommerce/includes/libraries/action-scheduler/classes/ActionScheduler_wpPostStore.php:33
Stack trace:
#0 /var/www/vhosts/sweet-dessert.axiomthemes.com/httpdocs/wp-content/plugins/woocommerce/includes/libraries/action-scheduler/classes/ActionScheduler_ActionFactory.php(109): ActionScheduler_wpPostStore->save_action(Object(ActionScheduler_Action))
#1 /var/www/vhosts/sweet-dessert.axiomthemes.com/httpdocs/wp-content/plugins/woocommerce/includes/libraries/action-scheduler/classes/ActionScheduler_ActionFactory.php(78): ActionScheduler_ActionFactory->store(Object(ActionScheduler_Action))
#2 /var/www/vhosts/sweet-dessert.axiomthemes.com/httpdocs/wp-content/plugins/woocommerce/includes/libraries/action-scheduler/functions.php(33): ActionScheduler_ActionFactory->recurring('wc_admin_unsnoo...', Array, 1562749278, 3600, 'wc-admin-notes')
#3 /var/www/vhosts/sweet-dessert.ax in /var/www/vhosts/sweet-dessert.axiomthemes.com/httpdocs/wp-content/plugins/woocommerce/includes/libraries/action-scheduler/classes/ActionScheduler_wpPostStore.php on line 33

2019-07-10T09:01:23+00:00 CRITICAL Uncaught RuntimeException: Error saving action: Unable to save action. in /var/www/vhosts/sweet-dessert.axiomthemes.com/httpdocs/wp-content/plugins/woocommerce/includes/libraries/action-scheduler/classes/ActionScheduler_wpPostStore.php:33
Stack trace:
#0 /var/www/vhosts/sweet-dessert.axiomthemes.com/httpdocs/wp-content/plugins/woocommerce/includes/libraries/action-scheduler/classes/ActionScheduler_ActionFactory.php(109): ActionScheduler_wpPostStore->save_action(Object(ActionScheduler_Action))
#1 /var/www/vhosts/sweet-dessert.axiomthemes.com/httpdocs/wp-content/plugins/woocommerce/includes/libraries/action-scheduler/classes/ActionScheduler_ActionFactory.php(78): ActionScheduler_ActionFactory->store(Object(ActionScheduler_Action))
#2 /var/www/vhosts/sweet-dessert.axiomthemes.com/httpdocs/wp-content/plugins/woocommerce/includes/libraries/action-scheduler/functions.php(33): ActionScheduler_ActionFactory->recurring('wc_admin_unsnoo...', Array, 1562749283, 3600, 'wc-admin-notes')
#3 /var/www/vhosts/sweet-dessert.ax in /var/www/vhosts/sweet-dessert.axiomthemes.com/httpdocs/wp-content/plugins/woocommerce/includes/libraries/action-scheduler/classes/ActionScheduler_wpPostStore.php on line 33

2019-07-10T09:03:37+00:00 CRITICAL Uncaught RuntimeException: Error saving action: Unable to save action. in /var/www/vhosts/sweet-dessert.axiomthemes.com/httpdocs/wp-content/plugins/woocommerce/includes/libraries/action-scheduler/classes/ActionScheduler_wpPostStore.php:33
Stack trace:
#0 /var/www/vhosts/sweet-dessert.axiomthemes.com/httpdocs/wp-content/plugins/woocommerce/includes/libraries/action-scheduler/classes/ActionScheduler_ActionFactory.php(109): ActionScheduler_wpPostStore->save_action(Object(ActionScheduler_Action))
#1 /var/www/vhosts/sweet-dessert.axiomthemes.com/httpdocs/wp-content/plugins/woocommerce/includes/libraries/action-scheduler/classes/ActionScheduler_ActionFactory.php(78): ActionScheduler_ActionFactory->store(Object(ActionScheduler_Action))
#2 /var/www/vhosts/sweet-dessert.axiomthemes.com/httpdocs/wp-content/plugins/woocommerce/includes/libraries/action-scheduler/functions.php(33): ActionScheduler_ActionFactory->recurring('wc_admin_unsnoo...', Array, 1562749417, 3600, 'wc-admin-notes')
#3 /var/www/vhosts/sweet-dessert.ax in /var/www/vhosts/sweet-dessert.axiomthemes.com/httpdocs/wp-content/plugins/woocommerce/includes/libraries/action-scheduler/classes/ActionScheduler_wpPostStore.php on line 33

2019-07-10T09:03:39+00:00 CRITICAL Uncaught RuntimeException: Error saving action: Unable to save action. in /var/www/vhosts/sweet-dessert.axiomthemes.com/httpdocs/wp-content/plugins/woocommerce/includes/libraries/action-scheduler/classes/ActionScheduler_wpPostStore.php:33
Stack trace:
#0 /var/www/vhosts/sweet-dessert.axiomthemes.com/httpdocs/wp-content/plugins/woocommerce/includes/libraries/action-scheduler/classes/ActionScheduler_ActionFactory.php(109): ActionScheduler_wpPostStore->save_action(Object(ActionScheduler_Action))
#1 /var/www/vhosts/sweet-dessert.axiomthemes.com/httpdocs/wp-content/plugins/woocommerce/includes/libraries/action-scheduler/classes/ActionScheduler_ActionFactory.php(78): ActionScheduler_ActionFactory->store(Object(ActionScheduler_Action))
#2 /var/www/vhosts/sweet-dessert.axiomthemes.com/httpdocs/wp-content/plugins/woocommerce/includes/libraries/action-scheduler/functions.php(33): ActionScheduler_ActionFactory->recurring('wc_admin_unsnoo...', Array, 1562749419, 3600, 'wc-admin-notes')
#3 /var/www/vhosts/sweet-dessert.ax in /var/www/vhosts/sweet-dessert.axiomthemes.com/httpdocs/wp-content/plugins/woocommerce/includes/libraries/action-scheduler/classes/ActionScheduler_wpPostStore.php on line 33

2019-07-10T09:04:53+00:00 CRITICAL Uncaught RuntimeException: Error saving action: Unable to save action. in /var/www/vhosts/sweet-dessert.axiomthemes.com/httpdocs/wp-content/plugins/woocommerce/includes/libraries/action-scheduler/classes/ActionScheduler_wpPostStore.php:33
Stack trace:
#0 /var/www/vhosts/sweet-dessert.axiomthemes.com/httpdocs/wp-content/plugins/woocommerce/includes/libraries/action-scheduler/classes/ActionScheduler_ActionFactory.php(109): ActionScheduler_wpPostStore->save_action(Object(ActionScheduler_Action))
#1 /var/www/vhosts/sweet-dessert.axiomthemes.com/httpdocs/wp-content/plugins/woocommerce/includes/libraries/action-scheduler/classes/ActionScheduler_ActionFactory.php(78): ActionScheduler_ActionFactory->store(Object(ActionScheduler_Action))
#2 /var/www/vhosts/sweet-dessert.axiomthemes.com/httpdocs/wp-content/plugins/woocommerce/includes/libraries/action-scheduler/functions.php(33): ActionScheduler_ActionFactory->recurring('wc_admin_unsnoo...', Array, 1562749493, 3600, 'wc-admin-notes')
#3 /var/www/vhosts/sweet-dessert.ax in /var/www/vhosts/sweet-dessert.axiomthemes.com/httpdocs/wp-content/plugins/woocommerce/includes/libraries/action-scheduler/classes/ActionScheduler_wpPostStore.php on line 33

2019-07-10T09:04:55+00:00 CRITICAL Uncaught RuntimeException: Error saving action: Unable to save action. in /var/www/vhosts/sweet-dessert.axiomthemes.com/httpdocs/wp-content/plugins/woocommerce/includes/libraries/action-scheduler/classes/ActionScheduler_wpPostStore.php:33
Stack trace:
#0 /var/www/vhosts/sweet-dessert.axiomthemes.com/httpdocs/wp-content/plugins/woocommerce/includes/libraries/action-scheduler/classes/ActionScheduler_ActionFactory.php(109): ActionScheduler_wpPostStore->save_action(Object(ActionScheduler_Action))
#1 /var/www/vhosts/sweet-dessert.axiomthemes.com/httpdocs/wp-content/plugins/woocommerce/includes/libraries/action-scheduler/classes/ActionScheduler_ActionFactory.php(78): ActionScheduler_ActionFactory->store(Object(ActionScheduler_Action))
#2 /var/www/vhosts/sweet-dessert.axiomthemes.com/httpdocs/wp-content/plugins/woocommerce/includes/libraries/action-scheduler/functions.php(33): ActionScheduler_ActionFactory->recurring('wc_admin_unsnoo...', Array, 1562749495, 3600, 'wc-admin-notes')
#3 /var/www/vhosts/sweet-dessert.ax in /var/www/vhosts/sweet-dessert.axiomthemes.com/httpdocs/wp-content/plugins/woocommerce/includes/libraries/action-scheduler/classes/ActionScheduler_wpPostStore.php on line 33

2019-07-10T09:05:24+00:00 CRITICAL Uncaught RuntimeException: Error saving action: Unable to save action. in /var/www/vhosts/sweet-dessert.axiomthemes.com/httpdocs/wp-content/plugins/woocommerce/includes/libraries/action-scheduler/classes/ActionScheduler_wpPostStore.php:33
Stack trace:
#0 /var/www/vhosts/sweet-dessert.axiomthemes.com/httpdocs/wp-content/plugins/woocommerce/includes/libraries/action-scheduler/classes/ActionScheduler_ActionFactory.php(109): ActionScheduler_wpPostStore->save_action(Object(ActionScheduler_Action))
#1 /var/www/vhosts/sweet-dessert.axiomthemes.com/httpdocs/wp-content/plugins/woocommerce/includes/libraries/action-scheduler/classes/ActionScheduler_ActionFactory.php(78): ActionScheduler_ActionFactory->store(Object(ActionScheduler_Action))
#2 /var/www/vhosts/sweet-dessert.axiomthemes.com/httpdocs/wp-content/plugins/woocommerce/includes/libraries/action-scheduler/functions.php(33): ActionScheduler_ActionFactory->recurring('wc_admin_unsnoo...', Array, 1562749524, 3600, 'wc-admin-notes')
#3 /var/www/vhosts/sweet-dessert.ax in /var/www/vhosts/sweet-dessert.axiomthemes.com/httpdocs/wp-content/plugins/woocommerce/includes/libraries/action-scheduler/classes/ActionScheduler_wpPostStore.php on line 33

2019-07-10T09:06:42+00:00 CRITICAL Uncaught RuntimeException: Error saving action: Unable to save action. in /var/www/vhosts/sweet-dessert.axiomthemes.com/httpdocs/wp-content/plugins/woocommerce/includes/libraries/action-scheduler/classes/ActionScheduler_wpPostStore.php:33
Stack trace:
#0 /var/www/vhosts/sweet-dessert.axiomthemes.com/httpdocs/wp-content/plugins/woocommerce/includes/libraries/action-scheduler/classes/ActionScheduler_ActionFactory.php(109): ActionScheduler_wpPostStore->save_action(Object(ActionScheduler_Action))
#1 /var/www/vhosts/sweet-dessert.axiomthemes.com/httpdocs/wp-content/plugins/woocommerce/includes/libraries/action-scheduler/classes/ActionScheduler_ActionFactory.php(78): ActionScheduler_ActionFactory->store(Object(ActionScheduler_Action))
#2 /var/www/vhosts/sweet-dessert.axiomthemes.com/httpdocs/wp-content/plugins/woocommerce/includes/libraries/action-scheduler/functions.php(33): ActionScheduler_ActionFactory->recurring('wc_admin_unsnoo...', Array, 1562749602, 3600, 'wc-admin-notes')
#3 /var/www/vhosts/sweet-dessert.ax in /var/www/vhosts/sweet-dessert.axiomthemes.com/httpdocs/wp-content/plugins/woocommerce/includes/libraries/action-scheduler/classes/ActionScheduler_wpPostStore.php on line 33

2019-07-10T10:29:35+00:00 CRITICAL Uncaught InvalidArgumentException: Unidentified action 0 in /var/www/vhosts/sweet-dessert.axiomthemes.com/httpdocs/wp-content/plugins/woocommerce/includes/libraries/action-scheduler/classes/ActionScheduler_wpPostStore.php:488
Stack trace:
#0 /var/www/vhosts/sweet-dessert.axiomthemes.com/httpdocs/wp-content/plugins/woocommerce/includes/libraries/action-scheduler/classes/ActionScheduler_wpPostStore.php(475): ActionScheduler_wpPostStore->get_date_gmt('0')
#1 /var/www/vhosts/sweet-dessert.axiomthemes.com/httpdocs/wp-content/plugins/woocommerce/includes/libraries/action-scheduler/classes/ActionScheduler_wcSystemStatus.php(78): ActionScheduler_wpPostStore->get_date('0')
#2 /var/www/vhosts/sweet-dessert.axiomthemes.com/httpdocs/wp-content/plugins/woocommerce/includes/libraries/action-scheduler/classes/ActionScheduler_wcSystemStatus.php(52): ActionScheduler_wcSystemStatus->get_action_status_date('failed', 'oldest')
#3 /var/www/vhosts/sweet-dessert.axiomthemes.com/httpdocs/wp-content/plugins/woocommerce/includes/libra in /var/www/vhosts/sweet-dessert.axiomthemes.com/httpdocs/wp-content/plugins/woocommerce/includes/libraries/action-scheduler/classes/ActionScheduler_wpPostStore.php on line 488

2019-07-10T10:30:32+00:00 CRITICAL Uncaught InvalidArgumentException: Unidentified action 0 in /var/www/vhosts/sweet-dessert.axiomthemes.com/httpdocs/wp-content/plugins/woocommerce/includes/libraries/action-scheduler/classes/ActionScheduler_wpPostStore.php:488
Stack trace:
#0 /var/www/vhosts/sweet-dessert.axiomthemes.com/httpdocs/wp-content/plugins/woocommerce/includes/libraries/action-scheduler/classes/ActionScheduler_wpPostStore.php(475): ActionScheduler_wpPostStore->get_date_gmt('0')
#1 /var/www/vhosts/sweet-dessert.axiomthemes.com/httpdocs/wp-content/plugins/woocommerce/includes/libraries/action-scheduler/classes/ActionScheduler_wcSystemStatus.php(78): ActionScheduler_wpPostStore->get_date('0')
#2 /var/www/vhosts/sweet-dessert.axiomthemes.com/httpdocs/wp-content/plugins/woocommerce/includes/libraries/action-scheduler/classes/ActionScheduler_wcSystemStatus.php(52): ActionScheduler_wcSystemStatus->get_action_status_date('failed', 'oldest')
#3 /var/www/vhosts/sweet-dessert.axiomthemes.com/httpdocs/wp-content/plugins/woocommerce/includes/libra in /var/www/vhosts/sweet-dessert.axiomthemes.com/httpdocs/wp-content/plugins/woocommerce/includes/libraries/action-scheduler/classes/ActionScheduler_wpPostStore.php on line 488

2019-07-10T10:43:41+00:00 CRITICAL Uncaught InvalidArgumentException: Unidentified action 0 in /var/www/vhosts/sweet-dessert.axiomthemes.com/httpdocs/wp-content/plugins/woocommerce/includes/libraries/action-scheduler/classes/ActionScheduler_wpPostStore.php:488
Stack trace:
#0 /var/www/vhosts/sweet-dessert.axiomthemes.com/httpdocs/wp-content/plugins/woocommerce/includes/libraries/action-scheduler/classes/ActionScheduler_wpPostStore.php(475): ActionScheduler_wpPostStore->get_date_gmt('0')
#1 /var/www/vhosts/sweet-dessert.axiomthemes.com/httpdocs/wp-content/plugins/woocommerce/includes/libraries/action-scheduler/classes/ActionScheduler_wcSystemStatus.php(78): ActionScheduler_wpPostStore->get_date('0')
#2 /var/www/vhosts/sweet-dessert.axiomthemes.com/httpdocs/wp-content/plugins/woocommerce/includes/libraries/action-scheduler/classes/ActionScheduler_wcSystemStatus.php(52): ActionScheduler_wcSystemStatus->get_action_status_date('failed', 'oldest')
#3 /var/www/vhosts/sweet-dessert.axiomthemes.com/httpdocs/wp-content/plugins/woocommerce/includes/libra in /var/www/vhosts/sweet-dessert.axiomthemes.com/httpdocs/wp-content/plugins/woocommerce/includes/libraries/action-scheduler/classes/ActionScheduler_wpPostStore.php on line 488

